scripts/kconfig/conf -s arch/arm/Kconfig
  CHK     include/linux/version.h
  CHK     include/generated/utsrelease.h
  UPD     include/generated/utsrelease.h
  CHK     include/generated/kernelversion.h
make[1]: `include/generated/mach-types.h' is up to date.
  CALL    scripts/checksyscalls.sh
  CHK     include/generated/compile.h
  CC      init/version.o
  LD      init/built-in.o
  CC      kernel/module.o
  CC      kernel/kexec.o
  LD      kernel/built-in.o
  LD      vmlinux.o
  MODPOST vmlinux.o
WARNING: modpost: Found 11 section mismatch(es).
To see full details build your kernel with:
'make CONFIG_DEBUG_SECTION_MISMATCH=y'
  GEN     .version
  CHK     include/generated/compile.h
  UPD     include/generated/compile.h
  CC      init/version.o
  LD      init/built-in.o
  LD      .tmp_vmlinux1
  KSYM    .tmp_kallsyms1.S
  AS      .tmp_kallsyms1.o
  LD      .tmp_vmlinux2
  KSYM    .tmp_kallsyms2.S
  AS      .tmp_kallsyms2.o
  LD      vmlinux
  SYSMAP  System.map
  SYSMAP  .tmp_System.map
  OBJCOPY arch/arm/boot/Image
  Building modules, stage 2.
  MODPOST 4 modules
  Kernel: arch/arm/boot/Image is ready
  XZKERN  arch/arm/boot/compressed/piggy.xzkern
  SHIPPED arch/arm/boot/compressed/lib1funcs.S
  SHIPPED arch/arm/boot/compressed/ashldi3.S
  AS      arch/arm/boot/compressed/ashldi3.o
  AS      arch/arm/boot/compressed/lib1funcs.o
  CC      drivers/media/video/gspca/gspca_main.mod.o
  CC      drivers/misc/vibetonz/vibrator.mod.o
  CC      drivers/net/wireless/bcm4329/bcm4329.mod.o
  CC      drivers/net/wireless/wimax/cmc7xx_sdio.mod.o
  LD [M]  drivers/net/wireless/wimax/cmc7xx_sdio.ko
  LD [M]  drivers/net/wireless/bcm4329/bcm4329.ko
  LD [M]  drivers/media/video/gspca/gspca_main.ko
  LD [M]  drivers/misc/vibetonz/vibrator.ko
  AS      arch/arm/boot/compressed/piggy.xzkern.o
  LD      arch/arm/boot/compressed/vmlinux
  OBJCOPY arch/arm/boot/zImage
  Kernel: arch/arm/boot/zImage is ready
